<?xml version="1.0" encoding="UTF-8"?>
<!-- Generated by org.testng.reporters.JUnitReportReporter -->
<testsuite hostname="NitikaLaptop-7A4OFMP0" failures="0" tests="1" name="nitikag.Selenium.ValiDateTitleTest" time="0.052" errors="0" timestamp="2020-12-22T13:17:55 EST" skipped="0">
  <testcase classname="nitikag.Selenium.ValiDateTitleTest" name="basePageNavigation" time="0.052"/>
  <system-out/>
</testsuite> <!-- nitikag.Selenium.ValiDateTitleTest -->
