<?xml version="1.0" encoding="UTF-8"?>
<!-- Generated by org.testng.reporters.JUnitReportReporter -->
<testsuite hostname="NitikaLaptop-7A4OFMP0" failures="0" tests="1" name="nitikag.Selenium.ValidateNavigationBarTest" time="0.073" errors="0" timestamp="2021-01-13T10:53:41 EST" skipped="0">
  <testcase classname="nitikag.Selenium.ValidateNavigationBarTest" name="basePageNavigation" time="0.073"/>
  <system-out/>
</testsuite> <!-- nitikag.Selenium.ValidateNavigationBarTest -->
