<?xml version="1.0" encoding="UTF-8"?>
<!-- Generated by org.testng.reporters.JUnitReportReporter -->
<testsuite hostname="NitikaLaptop-7A4OFMP0" failures="0" tests="2" name="nitikag.Selenium.HomePageTest" time="28.209" errors="0" timestamp="2021-01-13T12:04:13 EST" skipped="0">
  <testcase classname="nitikag.Selenium.HomePageTest" name="basePageNavigation" time="15.235"/>
  <system-out/>
  <testcase classname="nitikag.Selenium.HomePageTest" name="basePageNavigation" time="12.974"/>
  <system-out/>
</testsuite> <!-- nitikag.Selenium.HomePageTest -->
