<?xml version="1.0" encoding="UTF-8"?>
<!-- Generated by org.testng.reporters.JUnitReportReporter -->
<testsuite hostname="NitikaLaptop-7A4OFMP0" failures="0" tests="1" name="nitikag.Selenium.validateNavigationBar" time="0.083" errors="0" timestamp="2020-12-21T11:55:35 EST" skipped="0">
  <testcase classname="nitikag.Selenium.validateNavigationBar" name="basePageNavigation" time="0.083"/>
  <system-out/>
</testsuite> <!-- nitikag.Selenium.validateNavigationBar -->
