<?xml version="1.0" encoding="UTF-8"?>
<!-- Generated by org.testng.reporters.JUnitReportReporter -->
<testsuite hostname="NitikaLaptop-7A4OFMP0" failures="0" tests="1" name="nitikag.Selenium.ValidateNavigationBarTest" time="0.040" errors="0" timestamp="2021-01-14T11:04:09 EST" skipped="0">
  <testcase classname="nitikag.Selenium.ValidateNavigationBarTest" name="basePageNavigation" time="0.040"/>
  <system-out/>
</testsuite> <!-- nitikag.Selenium.ValidateNavigationBarTest -->
