<?xml version="1.0" encoding="UTF-8"?>
<!-- Generated by org.testng.reporters.JUnitReportReporter -->
<testsuite hostname="NitikaLaptop-7A4OFMP0" failures="0" tests="2" name="nitikag.Selenium.HomePageTest" time="25.372" errors="0" timestamp="2021-01-14T11:04:09 EST" skipped="0">
  <testcase classname="nitikag.Selenium.HomePageTest" name="basePageNavigation" time="13.127"/>
  <system-out/>
  <testcase classname="nitikag.Selenium.HomePageTest" name="basePageNavigation" time="12.245"/>
  <system-out/>
</testsuite> <!-- nitikag.Selenium.HomePageTest -->
