<?xml version="1.0" encoding="UTF-8"?>
<!-- Generated by org.testng.reporters.JUnitReportReporter -->
<testsuite hostname="NitikaLaptop-7A4OFMP0" failures="0" tests="1" name="nitikag.Selenium.AppTest" time="0.005" errors="0" timestamp="2020-12-21T13:25:09 EST" skipped="0">
  <testcase classname="nitikag.Selenium.AppTest" name="shouldAnswerWithTrue" time="0.005"/>
  <system-out/>
</testsuite> <!-- nitikag.Selenium.AppTest -->
